<?xml version="1.0" encoding="UTF-8"?>
<!-- Generated by org.testng.reporters.JUnitReportReporter -->
<testsuite hostname="BLR-76TT0F3-L" failures="0" tests="1" name="amazonTests.AmazonTestsScripts" time="4.975" errors="0" timestamp="28 Jul 2022 04:21:50 GMT" skipped="0">
  <testcase classname="amazonTests.AmazonTestsScripts" name="loginToAmazon" time="4.975"/>
</testsuite> <!-- amazonTests.AmazonTestsScripts -->
